<?xml version="1.0" encoding="UTF-8"?>
<!-- Generated by org.testng.reporters.JUnitReportReporter -->
<testsuite skipped="0" hostname="DESKTOP-8VARECG" name="com.datadriven.test.RegisterTestNg" tests="3" failures="0" timestamp="09 Dec 2020 10:56:37 GMT" time="42.146" errors="0">
  <testcase name="RunTest" time="16.023" classname="com.datadriven.test.RegisterTestNg"/>
  <testcase name="RunTest" time="13.219" classname="com.datadriven.test.RegisterTestNg"/>
  <testcase name="RunTest" time="12.904" classname="com.datadriven.test.RegisterTestNg"/>
</testsuite> <!-- com.datadriven.test.RegisterTestNg -->
